\BOOKMARK [0][]{chapter*.6}{List of symbols}{}% 1
\BOOKMARK [0][]{chapter.1}{Einf\374hrung}{}% 2
\BOOKMARK [0][]{chapter.2}{Voruntersuchung}{}% 3
\BOOKMARK [1][]{section.2.1}{IST-Erhebung}{chapter.2}% 4
\BOOKMARK [1][]{section.2.2}{IST-Zustand}{chapter.2}% 5
\BOOKMARK [2][]{subsection.2.2.1}{Metatrader}{section.2.2}% 6
\BOOKMARK [2][]{subsection.2.2.2}{GodmodeTrader}{section.2.2}% 7
\BOOKMARK [2][]{subsection.2.2.3}{Managed Account}{section.2.2}% 8
\BOOKMARK [1][]{section.2.3}{SOLL-Zustand}{chapter.2}% 9
\BOOKMARK [0][]{chapter.3}{Produktfunktionen}{}% 10
\BOOKMARK [0][]{chapter.4}{Technische Machbarkeit}{}% 11
\BOOKMARK [1][]{section.4.1}{Variantenbildung}{chapter.4}% 12
\BOOKMARK [0][]{chapter.5}{Wirtschaftliche Machbarkeit}{}% 13
\BOOKMARK [1][]{section.5.1}{Risikoanalyse}{chapter.5}% 14
\BOOKMARK [2][]{subsection.5.1.1}{Personenausfall}{section.5.1}% 15
\BOOKMARK [2][]{subsection.5.1.2}{Zetiliche Risiken}{section.5.1}% 16
\BOOKMARK [2][]{subsection.5.1.3}{Technische Risiken}{section.5.1}% 17
\BOOKMARK [0][]{chapter.6}{Conclusion and Outlook}{}% 18
\BOOKMARK [0][]{chapter.6}{Glossary}{}% 19
\BOOKMARK [0][]{appendix.A}{Appendix}{}% 20
\BOOKMARK [0][]{section*.7}{Literaturverzeichnis}{}% 21
